# JRE version: OpenJDK Runtime Environment (17.0.1+12) (build 17.0.1+12-39)
# Java VM: OpenJDK 64-Bit Server VM (17.0.1+12-39, mixed mode, sharing, tiered, compressed oops, compressed class ptrs, g1 gc, windows-amd64)
GC Precious Log:
 CPUs: 12 total, 12 available
 Memory: 16169M
 Large Page Support: Disabled
 NUMA Support: Disabled
 Compressed Oops: Enabled (Zero based)
 Heap Region Size: 2M
 Heap Min Capacity: 8M
 Heap Initial Capacity: 254M
 Heap Max Capacity: 4044M
 Pre-touch: Disabled
 Parallel Workers: 10
 Concurrent Workers: 3
 Concurrent Refinement Workers: 10
 Periodic GC: Disabled
Heap:
 garbage-first heap   total 260096K, used 70639K [0x00000004d7800000, 0x00000005d4400000)
  region size 2048K, 8 young (16384K), 3 survivors (6144K)
 Metaspace       used 7796K, committed 8000K, reserved 1064960K
  class space    used 363K, committed 448K, reserved 1048576K
GC Heap History (8 events):
Event: 1.571 GC heap before
{Heap before GC invocations=0 (full 0):
 garbage-first heap   total 260096K, used 20480K [0x00000004d7800000, 0x00000005d4400000)
  region size 2048K, 11 young (22528K), 0 survivors (0K)
 Metaspace       used 7702K, committed 7872K, reserved 1064960K
  class space    used 359K, committed 448K, reserved 1048576K
}
Event: 1.576 GC heap after
{Heap after GC invocations=1 (full 0):
 garbage-first heap   total 260096K, used 4074K [0x00000004d7800000, 0x00000005d4400000)
  region size 2048K, 2 young (4096K), 2 survivors (4096K)
 Metaspace       used 7702K, committed 7872K, reserved 1064960K
  class space    used 359K, committed 448K, reserved 1048576K
}
Event: 1.666 GC heap before
{Heap before GC invocations=1 (full 0):
 garbage-first heap   total 260096K, used 34794K [0x00000004d7800000, 0x00000005d4400000)
  region size 2048K, 17 young (34816K), 2 survivors (4096K)
 Metaspace       used 7751K, committed 7936K, reserved 1064960K
  class space    used 359K, committed 448K, reserved 1048576K
}
Event: 1.676 GC heap after
{Heap after GC invocations=2 (full 0):
 garbage-first heap   total 260096K, used 19367K [0x00000004d7800000, 0x00000005d4400000)
  region size 2048K, 3 young (6144K), 3 survivors (6144K)
 Metaspace       used 7751K, committed 7936K, reserved 1064960K
  class space    used 359K, committed 448K, reserved 1048576K
}
Event: 1.754 GC heap before
{Heap before GC invocations=2 (full 0):
 garbage-first heap   total 260096K, used 52135K [0x00000004d7800000, 0x00000005d4400000)
  region size 2048K, 19 young (38912K), 3 survivors (6144K)
 Metaspace       used 7755K, committed 7936K, reserved 1064960K
  class space    used 359K, committed 448K, reserved 1048576K
}
Event: 1.765 GC heap after
{Heap after GC invocations=3 (full 0):
 garbage-first heap   total 260096K, used 37170K [0x00000004d7800000, 0x00000005d4400000)
  region size 2048K, 3 young (6144K), 3 survivors (6144K)
 Metaspace       used 7755K, committed 7936K, reserved 1064960K
  class space    used 359K, committed 448K, reserved 1048576K
}
Event: 1.876 GC heap before
{Heap before GC invocations=3 (full 0):
 garbage-first heap   total 260096K, used 74034K [0x00000004d7800000, 0x00000005d4400000)
  region size 2048K, 22 young (45056K), 3 survivors (6144K)
 Metaspace       used 7755K, committed 7936K, reserved 1064960K
  class space    used 359K, committed 448K, reserved 1048576K
}
Event: 1.886 GC heap after
{Heap after GC invocations=4 (full 0):
 garbage-first heap   total 260096K, used 58351K [0x00000004d7800000, 0x00000005d4400000)
  region size 2048K, 3 young (6144K), 3 survivors (6144K)
 Metaspace       used 7755K, committed 7936K, reserved 1064960K
  class space    used 359K, committed 448K, reserved 1048576K
}

